<?xml version="1.0" encoding="UTF-8"?>
<!-- Generated by org.testng.reporters.JUnitReportReporter -->
<testsuite hostname="OSO-DTP-057" name="HRSetup.EmployeeLifeCycle.Yoesh.GroupMaster" tests="9" failures="0" timestamp="21 Sep 2016 05:19:46 GMT" time="157.915" errors="0">
  <testcase name="TestSearchButton" time="3.865" classname="HRSetup.EmployeeLifeCycle.Yoesh.GroupMaster"/>
  <testcase name="TestClearSearchButton" time="6.988" classname="HRSetup.EmployeeLifeCycle.Yoesh.GroupMaster"/>
  <testcase name="groupmasterNewdata" time="26.587" classname="HRSetup.EmployeeLifeCycle.Yoesh.GroupMaster"/>
  <testcase name="Accrualconfig" time="20.763" classname="HRSetup.EmployeeLifeCycle.Yoesh.GroupMaster"/>
  <testcase name="Accrualconfig" time="20.714" classname="HRSetup.EmployeeLifeCycle.Yoesh.GroupMaster"/>
  <testcase name="attconfigstatus" time="11.956" classname="HRSetup.EmployeeLifeCycle.Yoesh.GroupMaster"/>
  <testcase name="Edit" time="8.831" classname="HRSetup.EmployeeLifeCycle.Yoesh.GroupMaster"/>
  <testcase name="groupmasterNewdata" time="26.524" classname="HRSetup.EmployeeLifeCycle.Yoesh.GroupMaster"/>
  <testcase name="Appconfig" time="31.687" classname="HRSetup.EmployeeLifeCycle.Yoesh.GroupMaster"/>
</testsuite> <!-- HRSetup.EmployeeLifeCycle.Yoesh.GroupMaster -->
