<?xml version="1.0" encoding="UTF-8"?>
<!-- Generated by org.testng.reporters.JUnitReportReporter -->
<testsuite hostname="OSO-DTP-057" name="com.test.MultipleExcelDataPOIDataProvider" tests="5" failures="0" timestamp="1 Oct 2016 06:53:41 GMT" time="29.289" errors="0">
  <testcase name="url" time="4.055" classname="com.test.MultipleExcelDataPOIDataProvider"/>
  <testcase name="TC01_Verify_Login_Valid_Cred" time="5.934" classname="com.test.MultipleExcelDataPOIDataProvider"/>
  <testcase name="TC01_Verify_Login_Valid_Cred" time="7.681" classname="com.test.MultipleExcelDataPOIDataProvider"/>
  <testcase name="TC01_Verify_Login_Valid_Cred" time="5.635" classname="com.test.MultipleExcelDataPOIDataProvider"/>
  <testcase name="TC01_Verify_Login_Valid_Cred" time="5.984" classname="com.test.MultipleExcelDataPOIDataProvider"/>
</testsuite> <!-- com.test.MultipleExcelDataPOIDataProvider -->
