<?xml version="1.0" encoding="UTF-8"?>
<!-- Generated by org.testng.reporters.JUnitReportReporter -->
<testsuite hostname="OSO-DTP-057" name="HRSetup.EmployeeLifeCycle.Yoesh.ShiftTypeMaster" tests="5" failures="0" timestamp="19 Sep 2016 13:44:18 GMT" time="41.760" errors="0">
  <testcase name="TestClearSearchButton" time="2.460" classname="HRSetup.EmployeeLifeCycle.Yoesh.ShiftTypeMaster"/>
  <testcase name="Edit" time="5.964" classname="HRSetup.EmployeeLifeCycle.Yoesh.ShiftTypeMaster"/>
  <testcase name="ShiftTypeMasterdata" time="21.105" classname="HRSetup.EmployeeLifeCycle.Yoesh.ShiftTypeMaster"/>
  <testcase name="ShiftTypeMasterdata" time="10.464" classname="HRSetup.EmployeeLifeCycle.Yoesh.ShiftTypeMaster"/>
  <testcase name="TestSearchButton" time="1.767" classname="HRSetup.EmployeeLifeCycle.Yoesh.ShiftTypeMaster"/>
</testsuite> <!-- HRSetup.EmployeeLifeCycle.Yoesh.ShiftTypeMaster -->
