<?xml version="1.0" encoding="UTF-8"?>
<!-- Generated by org.testng.reporters.JUnitReportReporter -->
<testsuite hostname="OSO-DTP-057" name="com.test.WriteXldata" tests="1" failures="0" timestamp="27 Sep 2016 11:58:32 GMT" time="24.154" errors="0">
  <testcase name="test" time="24.154" classname="com.test.WriteXldata"/>
</testsuite> <!-- com.test.WriteXldata -->
