<?xml version="1.0" encoding="UTF-8"?>
<!-- Generated by org.testng.reporters.JUnitReportReporter -->
<testsuite hostname="OSO-DTP-057" name="HRSetup.EmployeeLifeCycle.Yoesh.RewardMaster" tests="4" failures="0" timestamp="23 Sep 2016 11:37:34 GMT" time="34.084" errors="0">
  <testcase name="RewardMasterNewData" time="8.195" classname="HRSetup.EmployeeLifeCycle.Yoesh.RewardMaster"/>
  <testcase name="Login" time="8.856" classname="HRSetup.EmployeeLifeCycle.Yoesh.RewardMaster"/>
  <testcase name="RewardMasterNewData" time="9.004" classname="HRSetup.EmployeeLifeCycle.Yoesh.RewardMaster"/>
  <testcase name="RewardMasterNewData" time="8.029" classname="HRSetup.EmployeeLifeCycle.Yoesh.RewardMaster"/>
</testsuite> <!-- HRSetup.EmployeeLifeCycle.Yoesh.RewardMaster -->
