<?xml version="1.0" encoding="UTF-8"?>
<!-- Generated by org.testng.reporters.JUnitReportReporter -->
<testsuite hostname="OSO-DTP-057" name="HRSetup.EmployeeLifeCycle.Yoesh.LeaveTypeMaster" tests="5" failures="0" timestamp="19 Sep 2016 13:38:16 GMT" time="94.456" errors="0">
  <testcase name="TestLeaveTypeMaster" time="24.017" classname="HRSetup.EmployeeLifeCycle.Yoesh.LeaveTypeMaster"/>
  <testcase name="TestLeaveTypeMaster" time="22.590" classname="HRSetup.EmployeeLifeCycle.Yoesh.LeaveTypeMaster"/>
  <testcase name="TestSearchButton" time="14.949" classname="HRSetup.EmployeeLifeCycle.Yoesh.LeaveTypeMaster"/>
  <testcase name="TestClearSearchButton" time="18.435" classname="HRSetup.EmployeeLifeCycle.Yoesh.LeaveTypeMaster"/>
  <testcase name="Edit" time="14.465" classname="HRSetup.EmployeeLifeCycle.Yoesh.LeaveTypeMaster"/>
</testsuite> <!-- HRSetup.EmployeeLifeCycle.Yoesh.LeaveTypeMaster -->
