<?xml version="1.0" encoding="UTF-8"?>
<!-- Generated by org.testng.reporters.JUnitReportReporter -->
<testsuite hostname="OSO-DTP-057" name="com.test.google" tests="1" failures="0" timestamp="27 Sep 2016 10:51:48 GMT" time="8.548" errors="0">
  <testcase name="test" time="8.548" classname="com.test.google"/>
</testsuite> <!-- com.test.google -->
