<?xml version="1.0" encoding="UTF-8"?>
<!-- Generated by org.testng.reporters.JUnitReportReporter -->
<testsuite hostname="OSO-DTP-057" name="HRSetup.EmployeeLifeCycle.Yoesh.InductionSetup" tests="3" failures="0" timestamp="22 Sep 2016 11:20:51 GMT" time="27.204" errors="0">
  <testcase name="ISTestClearSearchButton" time="10.296" classname="HRSetup.EmployeeLifeCycle.Yoesh.InductionSetup"/>
  <testcase name="ISTestSearchButton" time="7.185" classname="HRSetup.EmployeeLifeCycle.Yoesh.InductionSetup"/>
  <testcase name="ISEdit" time="9.723" classname="HRSetup.EmployeeLifeCycle.Yoesh.InductionSetup"/>
</testsuite> <!-- HRSetup.EmployeeLifeCycle.Yoesh.InductionSetup -->
