<?xml version="1.0" encoding="UTF-8"?>
<!-- Generated by org.testng.reporters.JUnitReportReporter -->
<testsuite hostname="OSO-DTP-057" name="HR.setup.yogesh.QuestionMasterSubjectiveData" tests="2" failures="0" timestamp="13 Sep 2016 11:10:14 GMT" time="45.810" errors="0">
  <testcase name="adminLogin" time="23.117" classname="HR.setup.yogesh.QuestionMasterSubjectiveData"/>
  <testcase name="adminLogin" time="22.693" classname="HR.setup.yogesh.QuestionMasterSubjectiveData"/>
</testsuite> <!-- HR.setup.yogesh.QuestionMasterSubjectiveData -->
