<?xml version="1.0" encoding="UTF-8"?>
<!-- Generated by org.testng.reporters.JUnitReportReporter -->
<testsuite hostname="OSO-DTP-057" name="HRSetup.EmployeeLifeCycle.Yoesh.LeaveOpeningBalance" tests="1" failures="0" timestamp="19 Sep 2016 08:43:38 GMT" time="24.435" errors="0">
  <testcase name="Edit" time="24.435" classname="HRSetup.EmployeeLifeCycle.Yoesh.LeaveOpeningBalance"/>
</testsuite> <!-- HRSetup.EmployeeLifeCycle.Yoesh.LeaveOpeningBalance -->
