<?xml version="1.0" encoding="UTF-8"?>
<!-- Generated by org.testng.reporters.JUnitReportReporter -->
<testsuite hostname="OSO-DTP-057" name="com.test.RecordTest" tests="1" failures="0" timestamp="21 Oct 2016 06:11:29 GMT" time="33.416" errors="0">
  <testcase name="setup" time="33.416" classname="com.test.RecordTest"/>
</testsuite> <!-- com.test.RecordTest -->
