<?xml version="1.0" encoding="UTF-8"?>
<!-- Generated by org.testng.reporters.JUnitReportReporter -->
<testsuite hostname="OSO-DTP-057" name="com.test.VideoRecord" tests="1" failures="0" timestamp="21 Oct 2016 12:38:49 GMT" time="43.809" errors="0">
  <testcase name="login" time="43.809" classname="com.test.VideoRecord"/>
</testsuite> <!-- com.test.VideoRecord -->
