<?xml version="1.0" encoding="UTF-8"?>
<!-- Generated by org.testng.reporters.JUnitReportReporter -->
<testsuite hostname="OSO-DTP-057" name="HRSetup.PMSandTraining.Yogesh.SectionVisibility" tests="5" failures="0" timestamp="24 Sep 2016 11:41:56 GMT" time="45.473" errors="0">
  <testcase name="sectionClearButton" time="8.392" classname="HRSetup.PMSandTraining.Yogesh.SectionVisibility"/>
  <testcase name="sectionconfigurationNewData" time="11.204" classname="HRSetup.PMSandTraining.Yogesh.SectionVisibility"/>
  <testcase name="Login" time="8.432" classname="HRSetup.PMSandTraining.Yogesh.SectionVisibility"/>
  <testcase name="sectionEdit" time="12.199" classname="HRSetup.PMSandTraining.Yogesh.SectionVisibility"/>
  <testcase name="sectionSearchButton" time="5.246" classname="HRSetup.PMSandTraining.Yogesh.SectionVisibility"/>
</testsuite> <!-- HRSetup.PMSandTraining.Yogesh.SectionVisibility -->
