<?xml version="1.0" encoding="UTF-8"?>
<!-- Generated by org.testng.reporters.JUnitReportReporter -->
<testsuite hostname="OSO-DTP-057" name="ELC.Exit.Yogesh.LWD" tests="4" failures="0" timestamp="17 Oct 2016 05:08:28 GMT" time="29.663" errors="0">
  <testcase name="Login" time="0.058" classname="ELC.Exit.Yogesh.LWD"/>
  <testcase name="Search" time="6.987" classname="ELC.Exit.Yogesh.LWD"/>
  <testcase name="Update" time="7.673" classname="ELC.Exit.Yogesh.LWD"/>
  <testcase name="PageOpen" time="14.945" classname="ELC.Exit.Yogesh.LWD"/>
</testsuite> <!-- ELC.Exit.Yogesh.LWD -->
