<?xml version="1.0" encoding="UTF-8"?>
<!-- Generated by org.testng.reporters.JUnitReportReporter -->
<testsuite hostname="OSO-DTP-057" name="HR.setup.yogesh.QuestionMasterObjectiveData" tests="2" failures="0" timestamp="13 Sep 2016 11:00:53 GMT" time="67.472" errors="0">
  <testcase name="adminLogin" time="33.035" classname="HR.setup.yogesh.QuestionMasterObjectiveData"/>
  <testcase name="adminLogin" time="34.437" classname="HR.setup.yogesh.QuestionMasterObjectiveData"/>
</testsuite> <!-- HR.setup.yogesh.QuestionMasterObjectiveData -->
