<?xml version="1.0" encoding="UTF-8"?>
<!-- Generated by org.testng.reporters.JUnitReportReporter -->
<testsuite hostname="OSO-DTP-057" name="com.test.TestLinkProject" tests="1" failures="0" timestamp="4 Oct 2016 06:58:04 GMT" time="51.918" errors="0">
  <testcase name="TestURLOpen" time="51.918" classname="com.test.TestLinkProject"/>
</testsuite> <!-- com.test.TestLinkProject -->
