<?xml version="1.0" encoding="UTF-8"?>
<!-- Generated by org.testng.reporters.JUnitReportReporter -->
<testsuite hostname="OSO-DTP-057" name="HRSetup.EmployeeLifeCycle.Yoesh.ExitSetup" tests="6" failures="0" timestamp="22 Sep 2016 11:32:13 GMT" time="45.525" errors="0">
  <testcase name="ExitSetupNewData" time="9.829" classname="HRSetup.EmployeeLifeCycle.Yoesh.ExitSetup"/>
  <testcase name="ExitEdit" time="7.704" classname="HRSetup.EmployeeLifeCycle.Yoesh.ExitSetup"/>
  <testcase name="ExitSetupNewData" time="7.902" classname="HRSetup.EmployeeLifeCycle.Yoesh.ExitSetup"/>
  <testcase name="Login" time="8.868" classname="HRSetup.EmployeeLifeCycle.Yoesh.ExitSetup"/>
  <testcase name="ExitClearButton" time="6.265" classname="HRSetup.EmployeeLifeCycle.Yoesh.ExitSetup"/>
  <testcase name="ExitSearchButton" time="4.957" classname="HRSetup.EmployeeLifeCycle.Yoesh.ExitSetup"/>
</testsuite> <!-- HRSetup.EmployeeLifeCycle.Yoesh.ExitSetup -->
