<?xml version="1.0" encoding="UTF-8"?>
<!-- Generated by org.testng.reporters.JUnitReportReporter -->
<testsuite hostname="OSO-DTP-057" name="PMSandTraining.Training.Yogesh.TrainingTest" tests="5" failures="0" timestamp="22 Oct 2016 11:14:26 GMT" time="109.329" errors="0">
  <testcase name="SearchButton" time="6.802" classname="PMSandTraining.Training.Yogesh.TrainingTest"/>
  <testcase name="Login" time="8.725" classname="PMSandTraining.Training.Yogesh.TrainingTest"/>
  <testcase name="ClearButton" time="8.977" classname="PMSandTraining.Training.Yogesh.TrainingTest"/>
  <testcase name="SelectStartTest" time="2.367" classname="PMSandTraining.Training.Yogesh.TrainingTest"/>
  <testcase name="TestSubmit" time="82.458" classname="PMSandTraining.Training.Yogesh.TrainingTest"/>
</testsuite> <!-- PMSandTraining.Training.Yogesh.TrainingTest -->
