<?xml version="1.0" encoding="UTF-8"?>
<!-- Generated by org.testng.reporters.JUnitReportReporter -->
<testsuite hostname="OSO-DTP-057" name="HRSetup.PMSandTraining.Yogesh.SectionConfiguration" tests="3" failures="0" timestamp="24 Sep 2016 11:06:39 GMT" time="50.179" errors="0">
  <testcase name="sectionconfigurationNewData" time="19.883" classname="HRSetup.PMSandTraining.Yogesh.SectionConfiguration"/>
  <testcase name="Login" time="9.007" classname="HRSetup.PMSandTraining.Yogesh.SectionConfiguration"/>
  <testcase name="sectionconfigurationNewData" time="21.289" classname="HRSetup.PMSandTraining.Yogesh.SectionConfiguration"/>
</testsuite> <!-- HRSetup.PMSandTraining.Yogesh.SectionConfiguration -->
