<?xml version="1.0" encoding="UTF-8"?>
<!-- Generated by org.testng.reporters.JUnitReportReporter -->
<testsuite hostname="OSO-DTP-057" name="HRSetup.PMSandTraining.Yogesh.BellCurveMaster" tests="6" failures="0" timestamp="24 Sep 2016 12:36:09 GMT" time="56.046" errors="0">
  <testcase name="salaryincrementNewData" time="8.390" classname="HRSetup.PMSandTraining.Yogesh.BellCurveMaster"/>
  <testcase name="salaryincrementNewData" time="8.160" classname="HRSetup.PMSandTraining.Yogesh.BellCurveMaster"/>
  <testcase name="Login" time="8.937" classname="HRSetup.PMSandTraining.Yogesh.BellCurveMaster"/>
  <testcase name="salClearButton" time="6.339" classname="HRSetup.PMSandTraining.Yogesh.BellCurveMaster"/>
  <testcase name="salSearchButton" time="3.899" classname="HRSetup.PMSandTraining.Yogesh.BellCurveMaster"/>
  <testcase name="salEdit" time="20.321" classname="HRSetup.PMSandTraining.Yogesh.BellCurveMaster"/>
</testsuite> <!-- HRSetup.PMSandTraining.Yogesh.BellCurveMaster -->
