<?xml version="1.0" encoding="UTF-8"?>
<!-- Generated by org.testng.reporters.JUnitReportReporter -->
<testsuite hostname="OSO-DTP-057" name="HR.setup.yogesh.TestSetup" tests="1" failures="0" timestamp="15 Sep 2016 07:08:44 GMT" time="16.249" errors="0">
  <testcase name="Edit" time="16.249" classname="HR.setup.yogesh.TestSetup"/>
</testsuite> <!-- HR.setup.yogesh.TestSetup -->
