<?xml version="1.0" encoding="UTF-8"?>
<!-- Generated by org.testng.reporters.JUnitReportReporter -->
<testsuite hostname="OSO-DTP-057" name="HRSetup.PMSandTraining.Yogesh.KRAMaster" tests="3" failures="0" timestamp="23 Sep 2016 12:47:24 GMT" time="27.765" errors="0">
  <testcase name="KRAMasterNewData" time="8.506" classname="HRSetup.PMSandTraining.Yogesh.KRAMaster"/>
  <testcase name="Login" time="8.618" classname="HRSetup.PMSandTraining.Yogesh.KRAMaster"/>
  <testcase name="KRAMasterNewData" time="10.641" classname="HRSetup.PMSandTraining.Yogesh.KRAMaster"/>
</testsuite> <!-- HRSetup.PMSandTraining.Yogesh.KRAMaster -->
