<?xml version="1.0" encoding="UTF-8"?>
<!-- Generated by org.testng.reporters.JUnitReportReporter -->
<testsuite hostname="OSO-DTP-057" name="HRSetup.PMSandTraining.Yogesh.CourseMaster" tests="2" failures="0" timestamp="18 Oct 2016 12:03:21 GMT" time="40.752" errors="0">
  <testcase name="courseMasterNewData" time="30.447" classname="HRSetup.PMSandTraining.Yogesh.CourseMaster"/>
  <testcase name="Login" time="10.305" classname="HRSetup.PMSandTraining.Yogesh.CourseMaster"/>
</testsuite> <!-- HRSetup.PMSandTraining.Yogesh.CourseMaster -->
