<?xml version="1.0" encoding="UTF-8"?>
<!-- Generated by org.testng.reporters.JUnitReportReporter -->
<testsuite hostname="OSO-DTP-057" name="com.test.TestGoalMaster" tests="3" failures="0" timestamp="6 Oct 2016 05:58:39 GMT" time="30.129" errors="0">
  <testcase name="GoalMasterNewData" time="9.715" classname="com.test.TestGoalMaster"/>
  <testcase name="GoalMasterNewData" time="11.581" classname="com.test.TestGoalMaster"/>
  <testcase name="Login" time="8.833" classname="com.test.TestGoalMaster"/>
</testsuite> <!-- com.test.TestGoalMaster -->
