<?xml version="1.0" encoding="UTF-8"?>
<!-- Generated by org.testng.reporters.JUnitReportReporter -->
<testsuite hostname="OSO-DTP-057" name="PMSandTraining.Training.Yogesh.TrainingAcceptance" tests="5" failures="0" timestamp="21 Oct 2016 09:36:31 GMT" time="31.121" errors="0">
  <testcase name="searchpreviousHistory" time="6.862" classname="PMSandTraining.Training.Yogesh.TrainingAcceptance"/>
  <testcase name="SearchButton" time="5.115" classname="PMSandTraining.Training.Yogesh.TrainingAcceptance"/>
  <testcase name="ClearButton" time="6.279" classname="PMSandTraining.Training.Yogesh.TrainingAcceptance"/>
  <testcase name="Login" time="8.924" classname="PMSandTraining.Training.Yogesh.TrainingAcceptance"/>
  <testcase name="AcceptReject" time="3.941" classname="PMSandTraining.Training.Yogesh.TrainingAcceptance"/>
</testsuite> <!-- PMSandTraining.Training.Yogesh.TrainingAcceptance -->
