<?xml version="1.0" encoding="UTF-8"?>
<!-- Generated by org.testng.reporters.JUnitReportReporter -->
<testsuite hostname="OSO-DTP-057" name="HRSetup.General.Yogesh.TestSetup" tests="5" failures="0" timestamp="26 Sep 2016 05:45:24 GMT" time="96.930" errors="0">
  <testcase name="TestSearchButton" time="15.091" classname="HRSetup.General.Yogesh.TestSetup"/>
  <testcase name="TestClearSearchButton" time="17.138" classname="HRSetup.General.Yogesh.TestSetup"/>
  <testcase name="Edit" time="17.687" classname="HRSetup.General.Yogesh.TestSetup"/>
  <testcase name="adminLogin" time="23.060" classname="HRSetup.General.Yogesh.TestSetup"/>
  <testcase name="SelectDeselectAllButton" time="23.954" classname="HRSetup.General.Yogesh.TestSetup"/>
</testsuite> <!-- HRSetup.General.Yogesh.TestSetup -->
