<?xml version="1.0" encoding="UTF-8"?>
<!-- Generated by org.testng.reporters.JUnitReportReporter -->
<testsuite hostname="OSO-DTP-057" name="HRSetup.Recruitment.Yogesh.ReimbursementLimit" tests="2" failures="0" timestamp="16 Sep 2016 09:27:02 GMT" time="60.627" errors="0">
  <testcase name="RLdata" time="31.197" classname="HRSetup.Recruitment.Yogesh.ReimbursementLimit"/>
  <testcase name="RLdata" time="29.430" classname="HRSetup.Recruitment.Yogesh.ReimbursementLimit"/>
</testsuite> <!-- HRSetup.Recruitment.Yogesh.ReimbursementLimit -->
