<?xml version="1.0" encoding="UTF-8"?>
<!-- Generated by org.testng.reporters.JUnitReportReporter -->
<testsuite hostname="OSO-DTP-057" name="HR.setup.yogesh.QMObjectiveData" tests="1" failures="0" timestamp="14 Sep 2016 13:02:31 GMT" time="12.607" errors="0">
  <testcase name="Delete" time="12.607" classname="HR.setup.yogesh.QMObjectiveData"/>
</testsuite> <!-- HR.setup.yogesh.QMObjectiveData -->
