<?xml version="1.0" encoding="UTF-8"?>
<!-- Generated by org.testng.reporters.JUnitReportReporter -->
<testsuite hostname="OSO-DTP-057" name="HRSetup.PMSandTraining.Yogesh.CompetencyMapping" tests="4" failures="0" timestamp="23 Sep 2016 14:14:40 GMT" time="37.403" errors="0">
  <testcase name="Login" time="9.298" classname="HRSetup.PMSandTraining.Yogesh.CompetencyMapping"/>
  <testcase name="FocusClearButton" time="8.381" classname="HRSetup.PMSandTraining.Yogesh.CompetencyMapping"/>
  <testcase name="FocusSearchButton" time="6.302" classname="HRSetup.PMSandTraining.Yogesh.CompetencyMapping"/>
  <testcase name="FocusEdit" time="13.422" classname="HRSetup.PMSandTraining.Yogesh.CompetencyMapping"/>
</testsuite> <!-- HRSetup.PMSandTraining.Yogesh.CompetencyMapping -->
