<?xml version="1.0" encoding="UTF-8"?>
<!-- Generated by org.testng.reporters.JUnitReportReporter -->
<testsuite hostname="OSO-DTP-057" name="HRSetup.EmployeeLifeCycle.Yoesh.ShiftDefinitionMaster" tests="3" failures="0" timestamp="20 Sep 2016 08:57:31 GMT" time="24.157" errors="0">
  <testcase name="TestSearchButton" time="8.701" classname="HRSetup.EmployeeLifeCycle.Yoesh.ShiftDefinitionMaster"/>
  <testcase name="TestClearSearchButton" time="10.157" classname="HRSetup.EmployeeLifeCycle.Yoesh.ShiftDefinitionMaster"/>
  <testcase name="Edit" time="5.299" classname="HRSetup.EmployeeLifeCycle.Yoesh.ShiftDefinitionMaster"/>
</testsuite> <!-- HRSetup.EmployeeLifeCycle.Yoesh.ShiftDefinitionMaster -->
