<?xml version="1.0" encoding="UTF-8"?>
<!-- Generated by org.testng.reporters.JUnitReportReporter -->
<testsuite hostname="OSO-DTP-057" name="HRSetup.PMSandTraining.Yogesh.CompetencyMaster" tests="3" failures="0" timestamp="24 Sep 2016 05:48:01 GMT" time="38.726" errors="0">
  <testcase name="Login" time="9.222" classname="HRSetup.PMSandTraining.Yogesh.CompetencyMaster"/>
  <testcase name="competencyMasterNewData" time="10.497" classname="HRSetup.PMSandTraining.Yogesh.CompetencyMaster"/>
  <testcase name="competencyMasterNewData" time="19.007" classname="HRSetup.PMSandTraining.Yogesh.CompetencyMaster"/>
</testsuite> <!-- HRSetup.PMSandTraining.Yogesh.CompetencyMaster -->
