<?xml version="1.0" encoding="UTF-8"?>
<!-- Generated by org.testng.reporters.JUnitReportReporter -->
<testsuite hostname="OSO-DTP-057" name="HRSetup.PMSandTraining.Yogesh.GoalMaster" tests="6" failures="0" timestamp="23 Sep 2016 11:46:51 GMT" time="38.751" errors="0">
  <testcase name="FocusClearButton" time="6.088" classname="HRSetup.PMSandTraining.Yogesh.GoalMaster"/>
  <testcase name="GoalMasterNewData" time="5.988" classname="HRSetup.PMSandTraining.Yogesh.GoalMaster"/>
  <testcase name="Login" time="9.050" classname="HRSetup.PMSandTraining.Yogesh.GoalMaster"/>
  <testcase name="FocusEdit" time="8.301" classname="HRSetup.PMSandTraining.Yogesh.GoalMaster"/>
  <testcase name="GoalMasterNewData" time="5.596" classname="HRSetup.PMSandTraining.Yogesh.GoalMaster"/>
  <testcase name="FocusSearchButton" time="3.728" classname="HRSetup.PMSandTraining.Yogesh.GoalMaster"/>
</testsuite> <!-- HRSetup.PMSandTraining.Yogesh.GoalMaster -->
