<?xml version="1.0" encoding="UTF-8"?>
<!-- Generated by org.testng.reporters.JUnitReportReporter -->
<testsuite hostname="OSO-DTP-057" name="HRSetup.PMSandTraining.Yogesh.ReviewGroup" tests="6" failures="0" timestamp="24 Sep 2016 10:24:09 GMT" time="86.140" errors="0">
  <testcase name="groupClearButton" time="7.992" classname="HRSetup.PMSandTraining.Yogesh.ReviewGroup"/>
  <testcase name="Login" time="9.322" classname="HRSetup.PMSandTraining.Yogesh.ReviewGroup"/>
  <testcase name="reviewgroupNewData" time="20.625" classname="HRSetup.PMSandTraining.Yogesh.ReviewGroup"/>
  <testcase name="groupEdit" time="21.393" classname="HRSetup.PMSandTraining.Yogesh.ReviewGroup"/>
  <testcase name="groupSearchButton" time="5.777" classname="HRSetup.PMSandTraining.Yogesh.ReviewGroup"/>
  <testcase name="reviewgroupNewData" time="21.031" classname="HRSetup.PMSandTraining.Yogesh.ReviewGroup"/>
</testsuite> <!-- HRSetup.PMSandTraining.Yogesh.ReviewGroup -->
