<?xml version="1.0" encoding="UTF-8"?>
<!-- Generated by org.testng.reporters.JUnitReportReporter -->
<testsuite hostname="OSO-DTP-057" name="HRSetup.General.Yogesh.QMSubjectiveData" tests="3" failures="0" timestamp="24 Sep 2016 12:59:49 GMT" time="79.478" errors="0">
  <testcase name="adminLogin" time="26.723" classname="HRSetup.General.Yogesh.QMSubjectiveData"/>
  <testcase name="adminLogin" time="27.348" classname="HRSetup.General.Yogesh.QMSubjectiveData"/>
  <testcase name="adminLogin" time="25.407" classname="HRSetup.General.Yogesh.QMSubjectiveData"/>
</testsuite> <!-- HRSetup.General.Yogesh.QMSubjectiveData -->
