<?xml version="1.0" encoding="UTF-8"?>
<!-- Generated by org.testng.reporters.JUnitReportReporter -->
<testsuite hostname="OSO-DTP-057" name="HR.setup.yogesh.Login" tests="1" failures="0" timestamp="14 Sep 2016 06:55:23 GMT" time="15.798" errors="0">
  <testcase name="openBrowser" time="15.798" classname="HR.setup.yogesh.Login"/>
</testsuite> <!-- HR.setup.yogesh.Login -->
