<?xml version="1.0" encoding="UTF-8"?>
<!-- Generated by org.testng.reporters.JUnitReportReporter -->
<testsuite hostname="OSO-DTP-057" name="HR.setup.yogesh.NoticePeriodMaster" tests="5" failures="0" timestamp="16 Sep 2016 06:02:57 GMT" time="81.196" errors="0">
  <testcase name="adminLogin" time="20.517" classname="HR.setup.yogesh.NoticePeriodMaster"/>
  <testcase name="SearchButton" time="19.801" classname="HR.setup.yogesh.NoticePeriodMaster"/>
  <testcase name="ClearSearchButton" time="12.126" classname="HR.setup.yogesh.NoticePeriodMaster"/>
  <testcase name="Edit" time="16.068" classname="HR.setup.yogesh.NoticePeriodMaster"/>
  <testcase name="Delete" time="12.684" classname="HR.setup.yogesh.NoticePeriodMaster"/>
</testsuite> <!-- HR.setup.yogesh.NoticePeriodMaster -->
