<?xml version="1.0" encoding="UTF-8"?>
<!-- Generated by org.testng.reporters.JUnitReportReporter -->
<testsuite hostname="OSO-DTP-057" name="HRSetup.Recruitment.Yogesh.AllowanceDeductionMaster" tests="5" failures="0" timestamp="21 Sep 2016 04:23:27 GMT" time="79.960" errors="0">
  <testcase name="Edit" time="13.659" classname="HRSetup.Recruitment.Yogesh.AllowanceDeductionMaster"/>
  <testcase name="TestCampusM" time="17.900" classname="HRSetup.Recruitment.Yogesh.AllowanceDeductionMaster"/>
  <testcase name="TestClearSearchButton" time="14.278" classname="HRSetup.Recruitment.Yogesh.AllowanceDeductionMaster"/>
  <testcase name="TestCampusM" time="20.793" classname="HRSetup.Recruitment.Yogesh.AllowanceDeductionMaster"/>
  <testcase name="TestSearchButton" time="13.330" classname="HRSetup.Recruitment.Yogesh.AllowanceDeductionMaster"/>
</testsuite> <!-- HRSetup.Recruitment.Yogesh.AllowanceDeductionMaster -->
