<?xml version="1.0" encoding="UTF-8"?>
<!-- Generated by org.testng.reporters.JUnitReportReporter -->
<testsuite hostname="OSO-DTP-057" name="HRSetup.PMSandTraining.Yogesh.FocusMaster" tests="6" failures="0" timestamp="23 Sep 2016 05:04:46 GMT" time="50.810" errors="0">
  <testcase name="Login" time="9.989" classname="HRSetup.PMSandTraining.Yogesh.FocusMaster"/>
  <testcase name="FocusSearchButton" time="5.109" classname="HRSetup.PMSandTraining.Yogesh.FocusMaster"/>
  <testcase name="FocusEdit" time="8.382" classname="HRSetup.PMSandTraining.Yogesh.FocusMaster"/>
  <testcase name="FocusMasterNewData" time="14.831" classname="HRSetup.PMSandTraining.Yogesh.FocusMaster"/>
  <testcase name="FocusClearButton" time="6.110" classname="HRSetup.PMSandTraining.Yogesh.FocusMaster"/>
  <testcase name="FocusMasterNewData" time="6.389" classname="HRSetup.PMSandTraining.Yogesh.FocusMaster"/>
</testsuite> <!-- HRSetup.PMSandTraining.Yogesh.FocusMaster -->
