<?xml version="1.0" encoding="UTF-8"?>
<!-- Generated by org.testng.reporters.JUnitReportReporter -->
<testsuite hostname="OSO-DTP-057" name="ELC.Exit.Yogesh.ResignationApproval" tests="3" failures="0" timestamp="17 Oct 2016 05:08:28 GMT" time="209.340" errors="0">
  <testcase name="Login" time="0.070" classname="ELC.Exit.Yogesh.ResignationApproval"/>
  <testcase name="PageOpen" time="12.448" classname="ELC.Exit.Yogesh.ResignationApproval"/>
  <testcase name="ResignationApprovalData" time="196.822" classname="ELC.Exit.Yogesh.ResignationApproval"/>
</testsuite> <!-- ELC.Exit.Yogesh.ResignationApproval -->
