<?xml version="1.0" encoding="UTF-8"?>
<!-- Generated by org.testng.reporters.JUnitReportReporter -->
<testsuite hostname="OSO-DTP-057" name="HR.setup.yogesh.BasicSalaryRange" tests="1" failures="0" timestamp="15 Sep 2016 05:04:42 GMT" time="11.006" errors="0">
  <testcase name="Delete" time="11.006" classname="HR.setup.yogesh.BasicSalaryRange"/>
</testsuite> <!-- HR.setup.yogesh.BasicSalaryRange -->
