<?xml version="1.0" encoding="UTF-8"?>
<!-- Generated by org.testng.reporters.JUnitReportReporter -->
<testsuite hostname="OSO-DTP-057" name="HRSetup.PMSandTraining.Yogesh.SalaryIncrement" tests="2" failures="0" timestamp="24 Sep 2016 12:15:02 GMT" time="12.483" errors="0">
  <testcase name="Login" time="8.580" classname="HRSetup.PMSandTraining.Yogesh.SalaryIncrement"/>
  <testcase name="salSearchButton" time="3.903" classname="HRSetup.PMSandTraining.Yogesh.SalaryIncrement"/>
</testsuite> <!-- HRSetup.PMSandTraining.Yogesh.SalaryIncrement -->
